<?xml version="1.0" encoding="UTF-8"?>
<!-- Generated by org.testng.reporters.JUnitReportReporter -->
<testsuite hostname="MacBook-Pro.local" failures="0" tests="1" name="SadhanaTest" time="2.840" errors="0" timestamp="2021-05-15T00:51:49 IST" skipped="0">
  <testcase classname="SadhanaTest" name="test" time="2.840"/>
  <system-out/>
</testsuite> <!-- SadhanaTest -->
